<?xml version="1.0" encoding="UTF-8"?>
<!-- Generated by org.testng.reporters.JUnitReportReporter -->
<testsuite skipped="0" hostname="DESKTOP-C2IM9GU" name="com.tetng.ExceptionTimeOutTest" tests="1" failures="0" timestamp="07 Mar 2021 16:48:33 GMT" time="0.011" errors="0">
  <testcase name="test1" time="0.011" classname="com.tetng.ExceptionTimeOutTest"/>
</testsuite> <!-- com.tetng.ExceptionTimeOutTest -->
