<?xml version="1.0" encoding="UTF-8"?>
<!-- Generated by org.testng.reporters.JUnitReportReporter -->
<testsuite skipped="0" hostname="DESKTOP-C2IM9GU" name="com.datadriven.test.FaceBookTest" tests="1" failures="0" timestamp="14 Feb 2021 22:24:36 GMT" time="9.516" errors="0">
  <testcase name="tescoRegistTest" time="9.516" classname="com.datadriven.test.FaceBookTest"/>
</testsuite> <!-- com.datadriven.test.FaceBookTest -->
