<?xml version="1.0" encoding="UTF-8"?>
<!-- Generated by org.testng.reporters.JUnitReportReporter -->
<testsuite skipped="0" hostname="DESKTOP-C2IM9GU" name="com.parameters.ParameterTest" tests="1" failures="0" timestamp="10 Feb 2021 23:34:57 GMT" time="5.862" errors="0">
  <testcase name="yahooLoginTest" time="5.862" classname="com.parameters.ParameterTest"/>
</testsuite> <!-- com.parameters.ParameterTest -->
