<?xml version="1.0" encoding="UTF-8"?>
<!-- Generated by org.testng.reporters.JUnitReportReporter -->
<testsuite skipped="0" hostname="DESKTOP-C2IM9GU" name="com.tetng.InvocationCountTest" tests="3" failures="0" timestamp="07 Mar 2021 16:19:55 GMT" time="0.032" errors="0">
  <testcase name="sum" time="0.024" classname="com.tetng.InvocationCountTest"/>
  <testcase name="sum" time="0.005" classname="com.tetng.InvocationCountTest"/>
  <testcase name="sum" time="0.003" classname="com.tetng.InvocationCountTest"/>
</testsuite> <!-- com.tetng.InvocationCountTest -->
